<?xml version="1.0" encoding="UTF-8" ?>
<testsuite failures="0" time="0.008" errors="0" skipped="0" tests="1" name="ejb.AppTest">
  <properties>
    <property name="java.runtime.name" value="Java(TM) SE Runtime Environment"/>
    <property name="sun.boot.library.path" value="C:\Program Files\Java\jdk1.6.0_24\jre\bin"/>
    <property name="java.vm.version" value="19.1-b02"/>
    <property name="java.vm.vendor" value="Sun Microsystems Inc."/>
    <property name="java.vendor.url" value="http://java.sun.com/"/>
    <property name="path.separator" value=";"/>
    <property name="java.vm.name" value="Java HotSpot(TM) 64-Bit Server VM"/>
    <property name="file.encoding.pkg" value="sun.io"/>
    <property name="user.country" value="US"/>
    <property name="sun.java.launcher" value="SUN_STANDARD"/>
    <property name="sun.os.patch.level" value="Service Pack 1"/>
    <property name="java.vm.specification.name" value="Java Virtual Machine Specification"/>
    <property name="user.dir" value="W:\LA\academic\booksample\ejb3\5609_Code\Chapter02\glassfish\lab6-maven\lab6-maven-jar"/>
    <property name="java.runtime.version" value="1.6.0_24-b07"/>
    <property name="java.awt.graphicsenv" value="sun.awt.Win32GraphicsEnvironment"/>
    <property name="basedir" value="W:\LA\academic\booksample\ejb3\5609_Code\Chapter02\glassfish\lab6-maven\lab6-maven-jar"/>
    <property name="java.endorsed.dirs" value="C:\Program Files\Java\jdk1.6.0_24\jre\lib\endorsed"/>
    <property name="os.arch" value="amd64"/>
    <property name="surefire.real.class.path" value="W:\LA\academic\booksample\ejb3\5609_Code\Chapter02\glassfish\lab6-maven\lab6-maven-jar\target\surefire\surefirebooter4329902685985349880.jar"/>
    <property name="java.io.tmpdir" value="C:\Users\lacevedo\AppData\Local\Temp\"/>
    <property name="line.separator" value="
"/>
    <property name="java.vm.specification.vendor" value="Sun Microsystems Inc."/>
    <property name="user.variant" value=""/>
    <property name="os.name" value="Windows 7"/>
    <property name="sun.jnu.encoding" value="Cp1252"/>
    <property name="java.library.path" value="C:\Program Files\Java\jdk1.6.0_24\jre\bin;.;C:\Windows\Sun\Java\bin;C:\Windows\system32;C:\Windows;C:\Program Files (x86)\CA\SC\CAWIN\;C:\Oracle\product\11.2.0\client_1\bin;C:\Windows\system32;C:\Windows;C:\Windows\System32\Wbem;C:\Windows\System32\WindowsPowerShell\v1.0\;C:\Program Files\Intel\DMIX;C:\Program Files (x86)\Enterprise Vault\EVClient\;C:\Program Files\Windows Imaging\;C:\Program Files\Java\jdk1.6.0_24\bin;C:\Program Files\Java\jdk1.6.0_24\jre\bin;C:\Oracle\product\11.2.0\client_1;C:\PROGRA~2\CA\SC\CAM\bin;C:\Program Files\TortoiseHg\;W:\apache-ant-1.8.1\bin"/>
    <property name="surefire.test.class.path" value="W:\LA\academic\booksample\ejb3\5609_Code\Chapter02\glassfish\lab6-maven\lab6-maven-jar\target\test-classes;W:\LA\academic\booksample\ejb3\5609_Code\Chapter02\glassfish\lab6-maven\lab6-maven-jar\target\classes;W:\LA\academic\maven_repository\junit\junit\3.8.1\junit-3.8.1.jar;W:\LA\academic\maven_repository\javax\javaee-api\6.0\javaee-api-6.0.jar;"/>
    <property name="java.specification.name" value="Java Platform API Specification"/>
    <property name="java.class.version" value="50.0"/>
    <property name="sun.management.compiler" value="HotSpot 64-Bit Server Compiler"/>
    <property name="maven.repo.local" value="W:\LA\academic\maven_repository"/>
    <property name="os.version" value="6.1"/>
    <property name="user.home" value="C:\Users\lacevedo"/>
    <property name="user.timezone" value=""/>
    <property name="java.awt.printerjob" value="sun.awt.windows.WPrinterJob"/>
    <property name="java.specification.version" value="1.6"/>
    <property name="file.encoding" value="Cp1252"/>
    <property name="user.name" value="lacevedo"/>
    <property name="java.class.path" value="W:\LA\academic\booksample\ejb3\5609_Code\Chapter02\glassfish\lab6-maven\lab6-maven-jar\target\test-classes;W:\LA\academic\booksample\ejb3\5609_Code\Chapter02\glassfish\lab6-maven\lab6-maven-jar\target\classes;W:\LA\academic\maven_repository\junit\junit\3.8.1\junit-3.8.1.jar;W:\LA\academic\maven_repository\javax\javaee-api\6.0\javaee-api-6.0.jar;"/>
    <property name="java.vm.specification.version" value="1.0"/>
    <property name="sun.arch.data.model" value="64"/>
    <property name="java.home" value="C:\Program Files\Java\jdk1.6.0_24\jre"/>
    <property name="java.specification.vendor" value="Sun Microsystems Inc."/>
    <property name="user.language" value="en"/>
    <property name="awt.toolkit" value="sun.awt.windows.WToolkit"/>
    <property name="java.vm.info" value="mixed mode"/>
    <property name="java.version" value="1.6.0_24"/>
    <property name="java.ext.dirs" value="C:\Program Files\Java\jdk1.6.0_24\jre\lib\ext;C:\Windows\Sun\Java\lib\ext"/>
    <property name="sun.boot.class.path" value="C:\Program Files\Java\jdk1.6.0_24\jre\lib\resources.jar;C:\Program Files\Java\jdk1.6.0_24\jre\lib\rt.jar;C:\Program Files\Java\jdk1.6.0_24\jre\lib\sunrsasign.jar;C:\Program Files\Java\jdk1.6.0_24\jre\lib\jsse.jar;C:\Program Files\Java\jdk1.6.0_24\jre\lib\jce.jar;C:\Program Files\Java\jdk1.6.0_24\jre\lib\charsets.jar;C:\Program Files\Java\jdk1.6.0_24\jre\lib\modules\jdk.boot.jar;C:\Program Files\Java\jdk1.6.0_24\jre\classes"/>
    <property name="java.vendor" value="Sun Microsystems Inc."/>
    <property name="localRepository" value="W:\LA\academic\maven_repository"/>
    <property name="file.separator" value="\"/>
    <property name="java.vendor.url.bug" value="http://java.sun.com/cgi-bin/bugreport.cgi"/>
    <property name="sun.cpu.endian" value="little"/>
    <property name="sun.io.unicode.encoding" value="UnicodeLittle"/>
    <property name="sun.desktop" value="windows"/>
    <property name="sun.cpu.isalist" value="amd64"/>
  </properties>
  <testcase time="0.001" classname="ejb.AppTest" name="testApp"/>
</testsuite>