<?xml version="1.0" encoding="UTF-8" ?>
<testsuite failures="0" time="0.008" errors="0" skipped="0" tests="1" name="client.AppTest">
  <properties>
    <property name="java.runtime.name" value="Java(TM) SE Runtime Environment"/>
    <property name="sun.boot.library.path" value="C:\Program Files\Java\jdk1.6.0_24\jre\bin"/>
    <property name="java.vm.version" value="19.1-b02"/>
    <property name="java.vm.vendor" value="Sun Microsystems Inc."/>
    <property name="java.vendor.url" value="http://java.sun.com/"/>
    <property name="path.separator" value=";"/>
    <property name="java.vm.name" value="Java HotSpot(TM) 64-Bit Server VM"/>
    <property name="file.encoding.pkg" value="sun.io"/>
    <property name="user.country" value="US"/>
    <property name="sun.java.launcher" value="SUN_STANDARD"/>
    <property name="sun.os.patch.level" value="Service Pack 1"/>
    <property name="java.vm.specification.name" value="Java Virtual Machine Specification"/>
    <property name="user.dir" value="W:\LA\academic\booksample\ejb3\5609_Code\Chapter02\glassfish\lab1-maven\lab1-maven-client"/>
    <property name="java.runtime.version" value="1.6.0_24-b07"/>
    <property name="java.awt.graphicsenv" value="sun.awt.Win32GraphicsEnvironment"/>
    <property name="basedir" value="W:\LA\academic\booksample\ejb3\5609_Code\Chapter02\glassfish\lab1-maven\lab1-maven-client"/>
    <property name="java.endorsed.dirs" value="C:\Program Files\Java\jdk1.6.0_24\jre\lib\endorsed"/>
    <property name="os.arch" value="amd64"/>
    <property name="surefire.real.class.path" value="W:\LA\academic\booksample\ejb3\5609_Code\Chapter02\glassfish\lab1-maven\lab1-maven-client\target\surefire\surefirebooter3006004340703477023.jar"/>
    <property name="java.io.tmpdir" value="C:\Users\lacevedo\AppData\Local\Temp\"/>
    <property name="line.separator" value="
"/>
    <property name="java.vm.specification.vendor" value="Sun Microsystems Inc."/>
    <property name="user.variant" value=""/>
    <property name="os.name" value="Windows 7"/>
    <property name="sun.jnu.encoding" value="Cp1252"/>
    <property name="java.library.path" value="C:\Program Files\Java\jdk1.6.0_24\jre\bin;.;C:\Windows\Sun\Java\bin;C:\Windows\system32;C:\Windows;C:\Program Files (x86)\CA\SC\CAWIN\;C:\Oracle\product\11.2.0\client_1\bin;C:\Windows\system32;C:\Windows;C:\Windows\System32\Wbem;C:\Windows\System32\WindowsPowerShell\v1.0\;C:\Program Files\Intel\DMIX;C:\Program Files (x86)\Enterprise Vault\EVClient\;C:\Program Files\Windows Imaging\;C:\Program Files\Java\jdk1.6.0_24\bin;C:\Program Files\Java\jdk1.6.0_24\jre\bin;C:\Oracle\product\11.2.0\client_1;C:\PROGRA~2\CA\SC\CAM\bin;C:\Program Files\TortoiseHg\;W:\apache-ant-1.8.1\bin"/>
    <property name="surefire.test.class.path" value="W:\LA\academic\booksample\ejb3\5609_Code\Chapter02\glassfish\lab1-maven\lab1-maven-client\target\test-classes;W:\LA\academic\booksample\ejb3\5609_Code\Chapter02\glassfish\lab1-maven\lab1-maven-client\target\classes;W:\LA\academic\maven_repository\junit\junit\3.8.1\junit-3.8.1.jar;W:\LA\academic\maven_repository\ejb3book\chapter02\lab1-maven-jar\1.0\lab1-maven-jar-1.0.jar;W:\LA\academic\maven_repository\org\glassfish\appclient\gf-client\3.1.1\gf-client-3.1.1.jar;W:\LA\academic\maven_repository\org\glassfish\appclient\gf-client-module\3.1.1\gf-client-module-3.1.1.jar;W:\LA\academic\maven_repository\com\sun\enterprise\hk2\1.1.6\hk2-1.1.6.jar;W:\LA\academic\maven_repository\com\sun\enterprise\hk2-core\1.1.6\hk2-core-1.1.6.jar;W:\LA\academic\maven_repository\org\glassfish\hk2\class-model\1.1.6\class-model-1.1.6.jar;W:\LA\academic\maven_repository\com\sun\enterprise\config\1.1.6\config-1.1.6.jar;W:\LA\academic\maven_repository\org\jvnet\tiger-types\1.2\tiger-types-1.2.jar;W:\LA\academic\maven_repository\org\glassfish\hk2\external\bean-validator\1.1.6\bean-validator-1.1.6.jar;W:\LA\academic\maven_repository\com\googlecode\jtype\jtype\0.1.0\jtype-0.1.0.jar;W:\LA\academic\maven_repository\com\sun\enterprise\auto-depends\1.1.6\auto-depends-1.1.6.jar;W:\LA\academic\maven_repository\org\glassfish\common\common-util\3.1.1\common-util-3.1.1.jar;W:\LA\academic\maven_repository\org\glassfish\ejb\ejb-container\3.1.1\ejb-container-3.1.1.jar;W:\LA\academic\maven_repository\org\glassfish\javax.ejb\3.1.1\javax.ejb-3.1.1.jar;W:\LA\academic\maven_repository\org\glassfish\security\security\3.1.1\security-3.1.1.jar;W:\LA\academic\maven_repository\org\glassfish\security\ssl-impl\3.1.1\ssl-impl-3.1.1.jar;W:\LA\academic\maven_repository\org\glassfish\javax.security.auth.message\3.1.1\javax.security.auth.message-3.1.1.jar;W:\LA\academic\maven_repository\org\glassfish\javax.security.jacc\3.1.1\javax.security.jacc-3.1.1.jar;W:\LA\academic\maven_repository\org\glassfish\security\jaspic.provider.framework\3.1.1\jaspic.provider.framework-3.1.1.jar;W:\LA\academic\maven_repository\org\glassfish\external\ldapbp-repackaged\3.1.1\ldapbp-repackaged-3.1.1.jar;W:\LA\academic\maven_repository\org\glassfish\external\libpam4j-repackaged\3.1.1\libpam4j-repackaged-3.1.1.jar;W:\LA\academic\maven_repository\org\glassfish\core\kernel\3.1.1\kernel-3.1.1.jar;W:\LA\academic\maven_repository\com\sun\grizzly\grizzly-framework\1.9.36\grizzly-framework-1.9.36.jar;W:\LA\academic\maven_repository\com\sun\grizzly\grizzly-http\1.9.36\grizzly-http-1.9.36.jar;W:\LA\academic\maven_repository\com\sun\grizzly\grizzly-rcm\1.9.36\grizzly-rcm-1.9.36.jar;W:\LA\academic\maven_repository\com\sun\grizzly\grizzly-portunif\1.9.36\grizzly-portunif-1.9.36.jar;W:\LA\academic\maven_repository\com\sun\grizzly\grizzly-config\1.9.36\grizzly-config-1.9.36.jar;W:\LA\academic\maven_repository\com\sun\enterprise\osgi-adapter\1.0.25\osgi-adapter-1.0.25.jar;W:\LA\academic\maven_repository\com\sun\pkg\pkg-client\1.122-54.2834\pkg-client-1.122-54.2834.jar;W:\LA\academic\maven_repository\org\glassfish\flashlight\flashlight-framework\3.1.1\flashlight-framework-3.1.1.jar;C:\Program Files\Java\jdk1.6.0_24\jre\..\lib\tools.jar;W:\LA\academic\maven_repository\org\glassfish\core\logging\3.1.1\logging-3.1.1.jar;W:\LA\academic\maven_repository\org\glassfish\admin\monitoring-core\3.1.1\monitoring-core-3.1.1.jar;W:\LA\academic\maven_repository\org\glassfish\admin\config-api\3.1.1\config-api-3.1.1.jar;W:\LA\academic\maven_repository\org\glassfish\common\stats77\3.1.1\stats77-3.1.1.jar;W:\LA\academic\maven_repository\org\glassfish\deployment\deployment-common\3.1.1\deployment-common-3.1.1.jar;W:\LA\academic\maven_repository\org\glassfish\deployment\deployment-javaee-core\3.1.1\deployment-javaee-core-3.1.1.jar;W:\LA\academic\maven_repository\org\glassfish\persistence\persistence-common\3.1.1\persistence-common-3.1.1.jar;W:\LA\academic\maven_repository\org\glassfish\connectors\connectors-internal-api\3.1.1\connectors-internal-api-3.1.1.jar;W:\LA\academic\maven_repository\org\glassfish\common\internal-api\3.1.1\internal-api-3.1.1.jar;W:\LA\academic\maven_repository\org\glassfish\transaction\transaction-internal-api\3.1.1\transaction-internal-api-3.1.1.jar;W:\LA\academic\maven_repository\org\glassfish\ejb\ejb-internal-api\3.1.1\ejb-internal-api-3.1.1.jar;W:\LA\academic\maven_repository\org\glassfish\hk2\external\asm-all-repackaged\1.1.6\asm-all-repackaged-1.1.6.jar;W:\LA\academic\maven_repository\org\glassfish\ha\ha-api\3.1.8\ha-api-3.1.8.jar;W:\LA\academic\maven_repository\org\glassfish\cluster\gms-bootstrap\3.1.1\gms-bootstrap-3.1.1.jar;W:\LA\academic\maven_repository\org\glassfish\common\container-common\3.1.1\container-common-3.1.1.jar;W:\LA\academic\maven_repository\org\glassfish\javax.servlet\3.1.1\javax.servlet-3.1.1.jar;W:\LA\academic\maven_repository\org\glassfish\admin\admin-util\3.1.1\admin-util-3.1.1.jar;W:\LA\academic\maven_repository\com\sun\mail\javax.mail\1.4.4\javax.mail-1.4.4.jar;W:\LA\academic\maven_repository\javax\activation\activation\1.1\activation-1.1.jar;W:\LA\academic\maven_repository\com\sun\grizzly\grizzly-comet\1.9.36\grizzly-comet-1.9.36.jar;W:\LA\academic\maven_repository\com\sun\grizzly\grizzly-websockets\1.9.36\grizzly-websockets-1.9.36.jar;W:\LA\academic\maven_repository\com\sun\grizzly\grizzly-http-servlet\1.9.36\grizzly-http-servlet-1.9.36.jar;W:\LA\academic\maven_repository\org\glassfish\deployment\dol\3.1.1\dol-3.1.1.jar;W:\LA\academic\maven_repository\org\glassfish\javax.transaction\3.1.1\javax.transaction-3.1.1.jar;W:\LA\academic\maven_repository\org\glassfish\javax.enterprise.deploy\3.1.1\javax.enterprise.deploy-3.1.1.jar;W:\LA\academic\maven_repository\org\eclipse\persistence\javax.persistence\2.0.3\javax.persistence-2.0.3.jar;W:\LA\academic\maven_repository\org\glassfish\javax.resource\3.1.1\javax.resource-3.1.1.jar;W:\LA\academic\maven_repository\org\glassfish\common\annotation-framework\3.1.1\annotation-framework-3.1.1.jar;W:\LA\academic\maven_repository\org\glassfish\security\appclient.security\3.1.1\appclient.security-3.1.1.jar;W:\LA\academic\maven_repository\org\glassfish\security\ejb.security\3.1.1\ejb.security-3.1.1.jar;W:\LA\academic\maven_repository\com\sun\corba\glassfish-corba-csiv2-idl\3.1.0-b030\glassfish-corba-csiv2-idl-3.1.0-b030.jar;W:\LA\academic\maven_repository\org\glassfish\common\glassfish-api\3.1.1\glassfish-api-3.1.1.jar;W:\LA\academic\maven_repository\org\glassfish\common\scattered-archive-api\3.1.1\scattered-archive-api-3.1.1.jar;W:\LA\academic\maven_repository\com\sun\enterprise\config-types\1.1.6\config-types-1.1.6.jar;W:\LA\academic\maven_repository\com\sun\grizzly\grizzly-utils\1.9.36\grizzly-utils-1.9.36.jar;W:\LA\academic\maven_repository\com\sun\grizzly\grizzly-lzma\1.9.36\grizzly-lzma-1.9.36.jar;W:\LA\academic\maven_repository\org\glassfish\external\management-api\3.1.0-b001\management-api-3.1.0-b001.jar;W:\LA\academic\maven_repository\org\glassfish\security\webservices.security\3.1.1\webservices.security-3.1.1.jar;W:\LA\academic\maven_repository\org\glassfish\web\web-glue\3.1.1\web-glue-3.1.1.jar;W:\LA\academic\maven_repository\org\glassfish\web\web-cli\3.1.1\web-cli-3.1.1.jar;W:\LA\academic\maven_repository\org\glassfish\common\amx-j2ee\3.1.1\amx-j2ee-3.1.1.jar;W:\LA\academic\maven_repository\org\glassfish\common\amx-core\3.1.1\amx-core-3.1.1.jar;W:\LA\academic\maven_repository\org\glassfish\javax.management.j2ee\3.1.1\javax.management.j2ee-3.1.1.jar;W:\LA\academic\maven_repository\org\glassfish\web\war-util\3.1.1\war-util-3.1.1.jar;W:\LA\academic\maven_repository\org\glassfish\javax.servlet.jsp\3.1.1\javax.servlet.jsp-3.1.1.jar;W:\LA\academic\maven_repository\org\glassfish\web\web-naming\3.1.1\web-naming-3.1.1.jar;W:\LA\academic\maven_repository\org\glassfish\web\web-core\3.1.1\web-core-3.1.1.jar;W:\LA\academic\maven_repository\org\glassfish\web\jsp-impl\2.2.2-b06\jsp-impl-2.2.2-b06.jar;W:\LA\academic\maven_repository\org\glassfish\web\el-impl\2.2.1-b03\el-impl-2.2.1-b03.jar;W:\LA\academic\maven_repository\javax\el\el-api\2.2.1-b01\el-api-2.2.1-b01.jar;W:\LA\academic\maven_repository\org\glassfish\admin\admin-core\3.1.1\admin-core-3.1.1.jar;W:\LA\academic\maven_repository\org\glassfish\web\web-gui-plugin-common\3.1.1\web-gui-plugin-common-3.1.1.jar;W:\LA\academic\maven_repository\org\glassfish\web\web-embed-api\3.1.1\web-embed-api-3.1.1.jar;W:\LA\academic\maven_repository\org\glassfish\metro\webservices-osgi\2.1.1-b09\webservices-osgi-2.1.1-b09.jar;W:\LA\academic\maven_repository\javax\xml\jaxrpc-api-osgi\1.1-b01\jaxrpc-api-osgi-1.1-b01.jar;W:\LA\academic\maven_repository\javax\xml\jaxr-api-osgi\1.0-b01\jaxr-api-osgi-1.0-b01.jar;W:\LA\academic\maven_repository\org\glassfish\metro\webservices-extra-jdk-packages\2.1.1-b09\webservices-extra-jdk-packages-2.1.1-b09.jar;W:\LA\academic\maven_repository\org\codehaus\woodstox\woodstox-core-asl\4.1.1\woodstox-core-asl-4.1.1.jar;W:\LA\academic\maven_repository\javax\xml\stream\stax-api\1.0-2\stax-api-1.0-2.jar;W:\LA\academic\maven_repository\org\codehaus\woodstox\stax2-api\3.1.1\stax2-api-3.1.1.jar;W:\LA\academic\maven_repository\org\jvnet\mimepull\1.6\mimepull-1.6.jar;W:\LA\academic\maven_repository\org\glassfish\security\websecurity\3.1.1\websecurity-3.1.1.jar;W:\LA\academic\maven_repository\org\glassfish\webservices\jsr109-impl\3.1.1\jsr109-impl-3.1.1.jar;W:\LA\academic\maven_repository\org\glassfish\common\glassfish-naming\3.1.1\glassfish-naming-3.1.1.jar;W:\LA\academic\maven_repository\com\sun\corba\glassfish-corba-omgapi\3.1.0-b030\glassfish-corba-omgapi-3.1.0-b030.jar;W:\LA\academic\maven_repository\com\sun\corba\glassfish-corba-internal-api\3.1.0-b030\glassfish-corba-internal-api-3.1.0-b030.jar;W:\LA\academic\maven_repository\org\glassfish\connectors\work-management\3.1.1\work-management-3.1.1.jar;W:\LA\academic\maven_repository\org\glassfish\gmbal\gmbal\3.1.0-b001\gmbal-3.1.0-b001.jar;W:\LA\academic\maven_repository\org\glassfish\connectors\connectors-inbound-runtime\3.1.1\connectors-inbound-runtime-3.1.1.jar;W:\LA\academic\maven_repository\org\glassfish\connectors\connectors-runtime\3.1.1\connectors-runtime-3.1.1.jar;W:\LA\academic\maven_repository\org\glassfish\common\glassfish-ee-api\3.1.1\glassfish-ee-api-3.1.1.jar;W:\LA\academic\maven_repository\org\glassfish\orb\orb-connector\3.1.1\orb-connector-3.1.1.jar;W:\LA\academic\maven_repository\com\sun\corba\glassfish-corba-orbgeneric\3.1.0-b030\glassfish-corba-orbgeneric-3.1.0-b030.jar;W:\LA\academic\maven_repository\com\sun\corba\glassfish-corba-orb\3.1.0-b030\glassfish-corba-orb-3.1.0-b030.jar;W:\LA\academic\maven_repository\com\sun\corba\glassfish-corba-newtimer\3.1.0-b030\glassfish-corba-newtimer-3.1.0-b030.jar;W:\LA\academic\maven_repository\com\sun\corba\glassfish-corba-codegen\3.1.0-b030\glassfish-corba-codegen-3.1.0-b030.jar;W:\LA\academic\maven_repository\org\glassfish\orb\orb-iiop\3.1.1\orb-iiop-3.1.1.jar;W:\LA\academic\maven_repository\org\shoal\shoal-gms-api\1.5.34\shoal-gms-api-1.5.34.jar;W:\LA\academic\maven_repository\com\sun\corba\glassfish-corba-asm\3.1.0-b030\glassfish-corba-asm-3.1.0-b030.jar;W:\LA\academic\maven_repository\org\glassfish\core\glassfish\3.1.1\glassfish-3.1.1.jar;W:\LA\academic\maven_repository\org\glassfish\simple-glassfish-api\3.1.1\simple-glassfish-api-3.1.1.jar;W:\LA\academic\maven_repository\org\glassfish\appclient\acc-config\3.1.1\acc-config-3.1.1.jar;W:\LA\academic\maven_repository\org\glassfish\transaction\jts\3.1.1\jts-3.1.1.jar;W:\LA\academic\maven_repository\org\glassfish\transaction\jta\3.1.1\jta-3.1.1.jar;W:\LA\academic\maven_repository\org\glassfish\jms\jms-core\3.1.1\jms-core-3.1.1.jar;W:\LA\academic\maven_repository\org\glassfish\javax.jms\3.1.1\javax.jms-3.1.1.jar;W:\LA\academic\maven_repository\org\eclipse\persistence\org.eclipse.persistence.core\2.3.0\org.eclipse.persistence.core-2.3.0.jar;W:\LA\academic\maven_repository\org\eclipse\persistence\org.eclipse.persistence.jpa\2.3.0\org.eclipse.persistence.jpa-2.3.0.jar;W:\LA\academic\maven_repository\org\eclipse\persistence\org.eclipse.persistence.jpa.modelgen\2.3.0\org.eclipse.persistence.jpa.modelgen-2.3.0.jar;W:\LA\academic\maven_repository\org\eclipse\persistence\org.eclipse.persistence.oracle\2.3.0\org.eclipse.persistence.oracle-2.3.0.jar;W:\LA\academic\maven_repository\org\eclipse\persistence\org.eclipse.persistence.antlr\2.3.0\org.eclipse.persistence.antlr-2.3.0.jar;W:\LA\academic\maven_repository\org\eclipse\persistence\org.eclipse.persistence.asm\2.3.0\org.eclipse.persistence.asm-2.3.0.jar;W:\LA\academic\maven_repository\org\glassfish\persistence\jpa-connector\3.1.1\jpa-connector-3.1.1.jar;W:\LA\academic\maven_repository\org\glassfish\persistence\cmp\cmp-internal-api\3.1.1\cmp-internal-api-3.1.1.jar;W:\LA\academic\maven_repository\org\glassfish\javax.annotation\3.1.1\javax.annotation-3.1.1.jar;W:\LA\academic\maven_repository\javax\xml\bind\jaxb-api-osgi\2.2.3\jaxb-api-osgi-2.2.3.jar;W:\LA\academic\maven_repository\com\sun\xml\bind\jaxb-osgi\2.2.4-1\jaxb-osgi-2.2.4-1.jar;W:\LA\academic\maven_repository\org\glassfish\metro\webservices-api-osgi\2.1.1-b09\webservices-api-osgi-2.1.1-b09.jar;W:\LA\academic\maven_repository\javax\javaee-api\6.0\javaee-api-6.0.jar;"/>
    <property name="java.specification.name" value="Java Platform API Specification"/>
    <property name="java.class.version" value="50.0"/>
    <property name="sun.management.compiler" value="HotSpot 64-Bit Server Compiler"/>
    <property name="maven.repo.local" value="W:\LA\academic\maven_repository"/>
    <property name="os.version" value="6.1"/>
    <property name="user.home" value="C:\Users\lacevedo"/>
    <property name="user.timezone" value=""/>
    <property name="java.awt.printerjob" value="sun.awt.windows.WPrinterJob"/>
    <property name="java.specification.version" value="1.6"/>
    <property name="file.encoding" value="Cp1252"/>
    <property name="user.name" value="lacevedo"/>
    <property name="java.class.path" value="W:\LA\academic\booksample\ejb3\5609_Code\Chapter02\glassfish\lab1-maven\lab1-maven-client\target\test-classes;W:\LA\academic\booksample\ejb3\5609_Code\Chapter02\glassfish\lab1-maven\lab1-maven-client\target\classes;W:\LA\academic\maven_repository\junit\junit\3.8.1\junit-3.8.1.jar;W:\LA\academic\maven_repository\ejb3book\chapter02\lab1-maven-jar\1.0\lab1-maven-jar-1.0.jar;W:\LA\academic\maven_repository\org\glassfish\appclient\gf-client\3.1.1\gf-client-3.1.1.jar;W:\LA\academic\maven_repository\org\glassfish\appclient\gf-client-module\3.1.1\gf-client-module-3.1.1.jar;W:\LA\academic\maven_repository\com\sun\enterprise\hk2\1.1.6\hk2-1.1.6.jar;W:\LA\academic\maven_repository\com\sun\enterprise\hk2-core\1.1.6\hk2-core-1.1.6.jar;W:\LA\academic\maven_repository\org\glassfish\hk2\class-model\1.1.6\class-model-1.1.6.jar;W:\LA\academic\maven_repository\com\sun\enterprise\config\1.1.6\config-1.1.6.jar;W:\LA\academic\maven_repository\org\jvnet\tiger-types\1.2\tiger-types-1.2.jar;W:\LA\academic\maven_repository\org\glassfish\hk2\external\bean-validator\1.1.6\bean-validator-1.1.6.jar;W:\LA\academic\maven_repository\com\googlecode\jtype\jtype\0.1.0\jtype-0.1.0.jar;W:\LA\academic\maven_repository\com\sun\enterprise\auto-depends\1.1.6\auto-depends-1.1.6.jar;W:\LA\academic\maven_repository\org\glassfish\common\common-util\3.1.1\common-util-3.1.1.jar;W:\LA\academic\maven_repository\org\glassfish\ejb\ejb-container\3.1.1\ejb-container-3.1.1.jar;W:\LA\academic\maven_repository\org\glassfish\javax.ejb\3.1.1\javax.ejb-3.1.1.jar;W:\LA\academic\maven_repository\org\glassfish\security\security\3.1.1\security-3.1.1.jar;W:\LA\academic\maven_repository\org\glassfish\security\ssl-impl\3.1.1\ssl-impl-3.1.1.jar;W:\LA\academic\maven_repository\org\glassfish\javax.security.auth.message\3.1.1\javax.security.auth.message-3.1.1.jar;W:\LA\academic\maven_repository\org\glassfish\javax.security.jacc\3.1.1\javax.security.jacc-3.1.1.jar;W:\LA\academic\maven_repository\org\glassfish\security\jaspic.provider.framework\3.1.1\jaspic.provider.framework-3.1.1.jar;W:\LA\academic\maven_repository\org\glassfish\external\ldapbp-repackaged\3.1.1\ldapbp-repackaged-3.1.1.jar;W:\LA\academic\maven_repository\org\glassfish\external\libpam4j-repackaged\3.1.1\libpam4j-repackaged-3.1.1.jar;W:\LA\academic\maven_repository\org\glassfish\core\kernel\3.1.1\kernel-3.1.1.jar;W:\LA\academic\maven_repository\com\sun\grizzly\grizzly-framework\1.9.36\grizzly-framework-1.9.36.jar;W:\LA\academic\maven_repository\com\sun\grizzly\grizzly-http\1.9.36\grizzly-http-1.9.36.jar;W:\LA\academic\maven_repository\com\sun\grizzly\grizzly-rcm\1.9.36\grizzly-rcm-1.9.36.jar;W:\LA\academic\maven_repository\com\sun\grizzly\grizzly-portunif\1.9.36\grizzly-portunif-1.9.36.jar;W:\LA\academic\maven_repository\com\sun\grizzly\grizzly-config\1.9.36\grizzly-config-1.9.36.jar;W:\LA\academic\maven_repository\com\sun\enterprise\osgi-adapter\1.0.25\osgi-adapter-1.0.25.jar;W:\LA\academic\maven_repository\com\sun\pkg\pkg-client\1.122-54.2834\pkg-client-1.122-54.2834.jar;W:\LA\academic\maven_repository\org\glassfish\flashlight\flashlight-framework\3.1.1\flashlight-framework-3.1.1.jar;C:\Program Files\Java\jdk1.6.0_24\jre\..\lib\tools.jar;W:\LA\academic\maven_repository\org\glassfish\core\logging\3.1.1\logging-3.1.1.jar;W:\LA\academic\maven_repository\org\glassfish\admin\monitoring-core\3.1.1\monitoring-core-3.1.1.jar;W:\LA\academic\maven_repository\org\glassfish\admin\config-api\3.1.1\config-api-3.1.1.jar;W:\LA\academic\maven_repository\org\glassfish\common\stats77\3.1.1\stats77-3.1.1.jar;W:\LA\academic\maven_repository\org\glassfish\deployment\deployment-common\3.1.1\deployment-common-3.1.1.jar;W:\LA\academic\maven_repository\org\glassfish\deployment\deployment-javaee-core\3.1.1\deployment-javaee-core-3.1.1.jar;W:\LA\academic\maven_repository\org\glassfish\persistence\persistence-common\3.1.1\persistence-common-3.1.1.jar;W:\LA\academic\maven_repository\org\glassfish\connectors\connectors-internal-api\3.1.1\connectors-internal-api-3.1.1.jar;W:\LA\academic\maven_repository\org\glassfish\common\internal-api\3.1.1\internal-api-3.1.1.jar;W:\LA\academic\maven_repository\org\glassfish\transaction\transaction-internal-api\3.1.1\transaction-internal-api-3.1.1.jar;W:\LA\academic\maven_repository\org\glassfish\ejb\ejb-internal-api\3.1.1\ejb-internal-api-3.1.1.jar;W:\LA\academic\maven_repository\org\glassfish\hk2\external\asm-all-repackaged\1.1.6\asm-all-repackaged-1.1.6.jar;W:\LA\academic\maven_repository\org\glassfish\ha\ha-api\3.1.8\ha-api-3.1.8.jar;W:\LA\academic\maven_repository\org\glassfish\cluster\gms-bootstrap\3.1.1\gms-bootstrap-3.1.1.jar;W:\LA\academic\maven_repository\org\glassfish\common\container-common\3.1.1\container-common-3.1.1.jar;W:\LA\academic\maven_repository\org\glassfish\javax.servlet\3.1.1\javax.servlet-3.1.1.jar;W:\LA\academic\maven_repository\org\glassfish\admin\admin-util\3.1.1\admin-util-3.1.1.jar;W:\LA\academic\maven_repository\com\sun\mail\javax.mail\1.4.4\javax.mail-1.4.4.jar;W:\LA\academic\maven_repository\javax\activation\activation\1.1\activation-1.1.jar;W:\LA\academic\maven_repository\com\sun\grizzly\grizzly-comet\1.9.36\grizzly-comet-1.9.36.jar;W:\LA\academic\maven_repository\com\sun\grizzly\grizzly-websockets\1.9.36\grizzly-websockets-1.9.36.jar;W:\LA\academic\maven_repository\com\sun\grizzly\grizzly-http-servlet\1.9.36\grizzly-http-servlet-1.9.36.jar;W:\LA\academic\maven_repository\org\glassfish\deployment\dol\3.1.1\dol-3.1.1.jar;W:\LA\academic\maven_repository\org\glassfish\javax.transaction\3.1.1\javax.transaction-3.1.1.jar;W:\LA\academic\maven_repository\org\glassfish\javax.enterprise.deploy\3.1.1\javax.enterprise.deploy-3.1.1.jar;W:\LA\academic\maven_repository\org\eclipse\persistence\javax.persistence\2.0.3\javax.persistence-2.0.3.jar;W:\LA\academic\maven_repository\org\glassfish\javax.resource\3.1.1\javax.resource-3.1.1.jar;W:\LA\academic\maven_repository\org\glassfish\common\annotation-framework\3.1.1\annotation-framework-3.1.1.jar;W:\LA\academic\maven_repository\org\glassfish\security\appclient.security\3.1.1\appclient.security-3.1.1.jar;W:\LA\academic\maven_repository\org\glassfish\security\ejb.security\3.1.1\ejb.security-3.1.1.jar;W:\LA\academic\maven_repository\com\sun\corba\glassfish-corba-csiv2-idl\3.1.0-b030\glassfish-corba-csiv2-idl-3.1.0-b030.jar;W:\LA\academic\maven_repository\org\glassfish\common\glassfish-api\3.1.1\glassfish-api-3.1.1.jar;W:\LA\academic\maven_repository\org\glassfish\common\scattered-archive-api\3.1.1\scattered-archive-api-3.1.1.jar;W:\LA\academic\maven_repository\com\sun\enterprise\config-types\1.1.6\config-types-1.1.6.jar;W:\LA\academic\maven_repository\com\sun\grizzly\grizzly-utils\1.9.36\grizzly-utils-1.9.36.jar;W:\LA\academic\maven_repository\com\sun\grizzly\grizzly-lzma\1.9.36\grizzly-lzma-1.9.36.jar;W:\LA\academic\maven_repository\org\glassfish\external\management-api\3.1.0-b001\management-api-3.1.0-b001.jar;W:\LA\academic\maven_repository\org\glassfish\security\webservices.security\3.1.1\webservices.security-3.1.1.jar;W:\LA\academic\maven_repository\org\glassfish\web\web-glue\3.1.1\web-glue-3.1.1.jar;W:\LA\academic\maven_repository\org\glassfish\web\web-cli\3.1.1\web-cli-3.1.1.jar;W:\LA\academic\maven_repository\org\glassfish\common\amx-j2ee\3.1.1\amx-j2ee-3.1.1.jar;W:\LA\academic\maven_repository\org\glassfish\common\amx-core\3.1.1\amx-core-3.1.1.jar;W:\LA\academic\maven_repository\org\glassfish\javax.management.j2ee\3.1.1\javax.management.j2ee-3.1.1.jar;W:\LA\academic\maven_repository\org\glassfish\web\war-util\3.1.1\war-util-3.1.1.jar;W:\LA\academic\maven_repository\org\glassfish\javax.servlet.jsp\3.1.1\javax.servlet.jsp-3.1.1.jar;W:\LA\academic\maven_repository\org\glassfish\web\web-naming\3.1.1\web-naming-3.1.1.jar;W:\LA\academic\maven_repository\org\glassfish\web\web-core\3.1.1\web-core-3.1.1.jar;W:\LA\academic\maven_repository\org\glassfish\web\jsp-impl\2.2.2-b06\jsp-impl-2.2.2-b06.jar;W:\LA\academic\maven_repository\org\glassfish\web\el-impl\2.2.1-b03\el-impl-2.2.1-b03.jar;W:\LA\academic\maven_repository\javax\el\el-api\2.2.1-b01\el-api-2.2.1-b01.jar;W:\LA\academic\maven_repository\org\glassfish\admin\admin-core\3.1.1\admin-core-3.1.1.jar;W:\LA\academic\maven_repository\org\glassfish\web\web-gui-plugin-common\3.1.1\web-gui-plugin-common-3.1.1.jar;W:\LA\academic\maven_repository\org\glassfish\web\web-embed-api\3.1.1\web-embed-api-3.1.1.jar;W:\LA\academic\maven_repository\org\glassfish\metro\webservices-osgi\2.1.1-b09\webservices-osgi-2.1.1-b09.jar;W:\LA\academic\maven_repository\javax\xml\jaxrpc-api-osgi\1.1-b01\jaxrpc-api-osgi-1.1-b01.jar;W:\LA\academic\maven_repository\javax\xml\jaxr-api-osgi\1.0-b01\jaxr-api-osgi-1.0-b01.jar;W:\LA\academic\maven_repository\org\glassfish\metro\webservices-extra-jdk-packages\2.1.1-b09\webservices-extra-jdk-packages-2.1.1-b09.jar;W:\LA\academic\maven_repository\org\codehaus\woodstox\woodstox-core-asl\4.1.1\woodstox-core-asl-4.1.1.jar;W:\LA\academic\maven_repository\javax\xml\stream\stax-api\1.0-2\stax-api-1.0-2.jar;W:\LA\academic\maven_repository\org\codehaus\woodstox\stax2-api\3.1.1\stax2-api-3.1.1.jar;W:\LA\academic\maven_repository\org\jvnet\mimepull\1.6\mimepull-1.6.jar;W:\LA\academic\maven_repository\org\glassfish\security\websecurity\3.1.1\websecurity-3.1.1.jar;W:\LA\academic\maven_repository\org\glassfish\webservices\jsr109-impl\3.1.1\jsr109-impl-3.1.1.jar;W:\LA\academic\maven_repository\org\glassfish\common\glassfish-naming\3.1.1\glassfish-naming-3.1.1.jar;W:\LA\academic\maven_repository\com\sun\corba\glassfish-corba-omgapi\3.1.0-b030\glassfish-corba-omgapi-3.1.0-b030.jar;W:\LA\academic\maven_repository\com\sun\corba\glassfish-corba-internal-api\3.1.0-b030\glassfish-corba-internal-api-3.1.0-b030.jar;W:\LA\academic\maven_repository\org\glassfish\connectors\work-management\3.1.1\work-management-3.1.1.jar;W:\LA\academic\maven_repository\org\glassfish\gmbal\gmbal\3.1.0-b001\gmbal-3.1.0-b001.jar;W:\LA\academic\maven_repository\org\glassfish\connectors\connectors-inbound-runtime\3.1.1\connectors-inbound-runtime-3.1.1.jar;W:\LA\academic\maven_repository\org\glassfish\connectors\connectors-runtime\3.1.1\connectors-runtime-3.1.1.jar;W:\LA\academic\maven_repository\org\glassfish\common\glassfish-ee-api\3.1.1\glassfish-ee-api-3.1.1.jar;W:\LA\academic\maven_repository\org\glassfish\orb\orb-connector\3.1.1\orb-connector-3.1.1.jar;W:\LA\academic\maven_repository\com\sun\corba\glassfish-corba-orbgeneric\3.1.0-b030\glassfish-corba-orbgeneric-3.1.0-b030.jar;W:\LA\academic\maven_repository\com\sun\corba\glassfish-corba-orb\3.1.0-b030\glassfish-corba-orb-3.1.0-b030.jar;W:\LA\academic\maven_repository\com\sun\corba\glassfish-corba-newtimer\3.1.0-b030\glassfish-corba-newtimer-3.1.0-b030.jar;W:\LA\academic\maven_repository\com\sun\corba\glassfish-corba-codegen\3.1.0-b030\glassfish-corba-codegen-3.1.0-b030.jar;W:\LA\academic\maven_repository\org\glassfish\orb\orb-iiop\3.1.1\orb-iiop-3.1.1.jar;W:\LA\academic\maven_repository\org\shoal\shoal-gms-api\1.5.34\shoal-gms-api-1.5.34.jar;W:\LA\academic\maven_repository\com\sun\corba\glassfish-corba-asm\3.1.0-b030\glassfish-corba-asm-3.1.0-b030.jar;W:\LA\academic\maven_repository\org\glassfish\core\glassfish\3.1.1\glassfish-3.1.1.jar;W:\LA\academic\maven_repository\org\glassfish\simple-glassfish-api\3.1.1\simple-glassfish-api-3.1.1.jar;W:\LA\academic\maven_repository\org\glassfish\appclient\acc-config\3.1.1\acc-config-3.1.1.jar;W:\LA\academic\maven_repository\org\glassfish\transaction\jts\3.1.1\jts-3.1.1.jar;W:\LA\academic\maven_repository\org\glassfish\transaction\jta\3.1.1\jta-3.1.1.jar;W:\LA\academic\maven_repository\org\glassfish\jms\jms-core\3.1.1\jms-core-3.1.1.jar;W:\LA\academic\maven_repository\org\glassfish\javax.jms\3.1.1\javax.jms-3.1.1.jar;W:\LA\academic\maven_repository\org\eclipse\persistence\org.eclipse.persistence.core\2.3.0\org.eclipse.persistence.core-2.3.0.jar;W:\LA\academic\maven_repository\org\eclipse\persistence\org.eclipse.persistence.jpa\2.3.0\org.eclipse.persistence.jpa-2.3.0.jar;W:\LA\academic\maven_repository\org\eclipse\persistence\org.eclipse.persistence.jpa.modelgen\2.3.0\org.eclipse.persistence.jpa.modelgen-2.3.0.jar;W:\LA\academic\maven_repository\org\eclipse\persistence\org.eclipse.persistence.oracle\2.3.0\org.eclipse.persistence.oracle-2.3.0.jar;W:\LA\academic\maven_repository\org\eclipse\persistence\org.eclipse.persistence.antlr\2.3.0\org.eclipse.persistence.antlr-2.3.0.jar;W:\LA\academic\maven_repository\org\eclipse\persistence\org.eclipse.persistence.asm\2.3.0\org.eclipse.persistence.asm-2.3.0.jar;W:\LA\academic\maven_repository\org\glassfish\persistence\jpa-connector\3.1.1\jpa-connector-3.1.1.jar;W:\LA\academic\maven_repository\org\glassfish\persistence\cmp\cmp-internal-api\3.1.1\cmp-internal-api-3.1.1.jar;W:\LA\academic\maven_repository\org\glassfish\javax.annotation\3.1.1\javax.annotation-3.1.1.jar;W:\LA\academic\maven_repository\javax\xml\bind\jaxb-api-osgi\2.2.3\jaxb-api-osgi-2.2.3.jar;W:\LA\academic\maven_repository\com\sun\xml\bind\jaxb-osgi\2.2.4-1\jaxb-osgi-2.2.4-1.jar;W:\LA\academic\maven_repository\org\glassfish\metro\webservices-api-osgi\2.1.1-b09\webservices-api-osgi-2.1.1-b09.jar;W:\LA\academic\maven_repository\javax\javaee-api\6.0\javaee-api-6.0.jar;"/>
    <property name="java.vm.specification.version" value="1.0"/>
    <property name="sun.arch.data.model" value="64"/>
    <property name="java.home" value="C:\Program Files\Java\jdk1.6.0_24\jre"/>
    <property name="java.specification.vendor" value="Sun Microsystems Inc."/>
    <property name="user.language" value="en"/>
    <property name="awt.toolkit" value="sun.awt.windows.WToolkit"/>
    <property name="java.vm.info" value="mixed mode"/>
    <property name="java.version" value="1.6.0_24"/>
    <property name="java.ext.dirs" value="C:\Program Files\Java\jdk1.6.0_24\jre\lib\ext;C:\Windows\Sun\Java\lib\ext"/>
    <property name="sun.boot.class.path" value="C:\Program Files\Java\jdk1.6.0_24\jre\lib\resources.jar;C:\Program Files\Java\jdk1.6.0_24\jre\lib\rt.jar;C:\Program Files\Java\jdk1.6.0_24\jre\lib\sunrsasign.jar;C:\Program Files\Java\jdk1.6.0_24\jre\lib\jsse.jar;C:\Program Files\Java\jdk1.6.0_24\jre\lib\jce.jar;C:\Program Files\Java\jdk1.6.0_24\jre\lib\charsets.jar;C:\Program Files\Java\jdk1.6.0_24\jre\lib\modules\jdk.boot.jar;C:\Program Files\Java\jdk1.6.0_24\jre\classes"/>
    <property name="java.vendor" value="Sun Microsystems Inc."/>
    <property name="localRepository" value="W:\LA\academic\maven_repository"/>
    <property name="file.separator" value="\"/>
    <property name="java.vendor.url.bug" value="http://java.sun.com/cgi-bin/bugreport.cgi"/>
    <property name="sun.cpu.endian" value="little"/>
    <property name="sun.io.unicode.encoding" value="UnicodeLittle"/>
    <property name="sun.desktop" value="windows"/>
    <property name="sun.cpu.isalist" value="amd64"/>
  </properties>
  <testcase time="0.001" classname="client.AppTest" name="testApp"/>
</testsuite>